<?xml version="1.0" encoding="UTF-8"?>
<testsuite name="com.galvanize.models.RoomTest" tests="2" skipped="0" failures="0" errors="0" timestamp="2016-06-08T16:10:27" hostname="COMPOZED-BF-14" time="0.011">
  <properties/>
  <testcase name="ensuresNameIsNotEmpty" classname="com.galvanize.models.RoomTest" time="0.006"/>
  <testcase name="ensuresNameIsNotNull" classname="com.galvanize.models.RoomTest" time="0.005"/>
  <system-out><![CDATA[]]></system-out>
  <system-err><![CDATA[]]></system-err>
</testsuite>
